<?xml version="1.0" encoding="UTF-8"?>
<testsuite name="com.test.MyTest" time="48.185" tests="1" errors="1" skipped="0" failures="0">
  <properties>
[...]
</properties>
  <testcase name="openBrowser" classname="com.test.MyTest" time="48.185">
    <error message="Unable to connect to host 127.0.0.1 on port 7055 after 45000 ms. Firefox console output:&#10;&quot;:1462962559965,&quot;updateDate&quot;:1462962559965,&quot;applyBackgroundUpdates&quot;:1,&quot;skinnable&quot;:true,&quot;size&quot;:22006,&quot;sourceURI&quot;:null,&quot;releaseNotesURI&quot;:null,&quot;softDisabled&quot;:false,&quot;foreignInstall&quot;:false,&quot;hasBinaryComponents&quot;:false,&quot;strictCompatibility&quot;:true,&quot;locales&quot;:[],&quot;targetApplications&quot;:[{&quot;id&quot;:&quot;{ec8030f7-c20a-464f-9b0e-13a3a9e97384}&quot;,&quot;minVersion&quot;:&quot;47.0&quot;,&quot;maxVersion&quot;:&quot;47.0&quot;}],&quot;targetPlatforms&quot;:[],&quot;seen&quot;:true}&#10;1462964033388	addons.xpi	DEBUG	getModTime: Recursive scan of {972ce4c6-7e08-4474-a285-3208198ce6fd}&#10;1462964033389	DeferredSave.extensions.json	DEBUG	Save changes&#10;1462964033389	addons.xpi	DEBUG	Updating database with changes to installed add-ons&#10;1462964033389	addons.xpi-utils	DEBUG	Updating add-on states&#10;1462964033390	addons.xpi-utils	DEBUG	Writing add-ons list&#10;1462964033393	addons.xpi	DEBUG	Registering manifest for C:\Program Files (x86)\Mozilla Firefox\browser\features\e10srollout@mozilla.org.xpi&#10;1462964033393	addons.xpi	DEBUG	Calling bootstrap method startup on e10srollout@mozilla.org version 1.0&#10;1462964033393	addons.xpi	DEBUG	Registering manifest for C:\Program Files (x86)\Mozilla Firefox\browser\features\firefox@getpocket.com.xpi&#10;1462964033394	addons.xpi	DEBUG	Calling bootstrap method startup on firefox@getpocket.com version 1.0&#10;1462964033395	addons.xpi	DEBUG	Registering manifest for C:\Program Files (x86)\Mozilla Firefox\browser\features\loop@mozilla.org.xpi&#10;1462964033396	addons.xpi	DEBUG	Calling bootstrap method startup on loop@mozilla.org version 1.2.6&#10;1462964033470	addons.xpi	DEBUG	Registering manifest for C:\Program Files (x86)\Mozilla Firefox\browser\extensions\{82AF8DCA-6DE9-405D-BD5E-43525BDAD38A}.xpi&#10;1462964033470	addons.xpi	DEBUG	Calling bootstrap method startup on {82AF8DCA-6DE9-405D-BD5E-43525BDAD38A} version 8.1.0.9134&#10;1462964033474	addons.manager	DEBUG	Registering shutdown blocker for XPIProvider&#10;1462964033474	addons.manager	DEBUG	Provider finished startup: XPIProvider&#10;1462964033474	addons.manager	DEBUG	Starting provider: LightweightThemeManager&#10;1462964033474	addons.manager	DEBUG	Registering shutdown blocker for LightweightThemeManager&#10;1462964033474	addons.manager	DEBUG	Provider finished startup: LightweightThemeManager&#10;1462964033475	addons.manager	DEBUG	Starting provider: GMPProvider&#10;1462964033482	addons.manager	DEBUG	Registering shutdown blocker for GMPProvider&#10;1462964033482	addons.manager	DEBUG	Provider finished startup: GMPProvider&#10;1462964033482	addons.manager	DEBUG	Starting provider: PluginProvider&#10;1462964033482	addons.manager	DEBUG	Registering shutdown blocker for PluginProvider&#10;1462964033482	addons.manager	DEBUG	Provider finished startup: PluginProvider&#10;1462964033483	addons.manager	DEBUG	Completed startup sequence&#10;1462964034891	addons.manager	DEBUG	Starting provider: &lt;unnamed-provider&gt;&#10;1462964034891	addons.manager	DEBUG	Registering shutdown blocker for &lt;unnamed-provider&gt;&#10;1462964034892	addons.manager	DEBUG	Provider finished startup: &lt;unnamed-provider&gt;&#10;JavaScript warning: resource://gre/modules/commonjs/toolkit/loader.js -&gt; resource://gre/modules/commonjs/sdk/system/environment.js, line 15: Proxy.create and Proxy.createFunction are deprecated, use new Proxy instead&#10;1462964035313	DeferredSave.extensions.json	DEBUG	Write succeeded&#10;1462964035313	addons.xpi-utils	DEBUG	XPI Database saved, setting schema version preference to 17&#10;1462964035314	DeferredSave.extensions.json	DEBUG	Starting timer&#10;1462964035330	addons.repository	DEBUG	No addons.json found.&#10;1462964035330	DeferredSave.addons.json	DEBUG	Save changes&#10;1462964035333	DeferredSave.addons.json	DEBUG	Starting timer&#10;1462964035373	addons.manager	DEBUG	Starting provider: PreviousExperimentProvider&#10;1462964035374	addons.manager	DEBUG	Registering shutdown blocker for PreviousExperimentProvider&#10;1462964035374	addons.manager	DEBUG	Provider finished startup: PreviousExperimentProvider&#10;1462964035379	DeferredSave.extensions.json	DEBUG	Starting write&#10;1462964035438	DeferredSave.addons.json	DEBUG	Starting write&#10;1462964035453	DeferredSave.extensions.json	DEBUG	Write succeeded&#10;1462964035473	DeferredSave.addons.json	DEBUG	Write succeeded&#10;&#10;Command duration or timeout: 47.17 seconds&#10;Build info: version: &apos;2.53.0&apos;, revision: &apos;35ae25b1534ae328c771e0856c93e187490ca824&apos;, time: &apos;2016-03-15 10:43:46&apos;&#10;System info: host: &apos;snehap-w7&apos;, ip: &apos;172.27.59.69&apos;, os.name: &apos;Windows 7&apos;, os.arch: &apos;amd64&apos;, os.version: &apos;6.1&apos;, java.version: &apos;1.7.0_71&apos;&#10;Driver info: org.openqa.selenium.remote.RemoteWebDriver" type="org.openqa.selenium.WebDriverException"><![CDATA[org.openqa.selenium.WebDriverException: Unable to connect to host 127.0.0.1 on port 7055 after 45000 ms. Firefox console output:
":1462962559965,"updateDate":1462962559965,"applyBackgroundUpdates":1,"skinnable":true,"size":22006,"sourceURI":null,"releaseNotesURI":null,"softDisabled":false,"foreignInstall":false,"hasBinaryComponents":false,"strictCompatibility":true,"locales":[],"targetApplications":[{"id":"{ec8030f7-c20a-464f-9b0e-13a3a9e97384}","minVersion":"47.0","maxVersion":"47.0"}],"targetPlatforms":[],"seen":true}
1462964033388	addons.xpi	DEBUG	getModTime: Recursive scan of {972ce4c6-7e08-4474-a285-3208198ce6fd}
1462964033389	DeferredSave.extensions.json	DEBUG	Save changes
1462964033389	addons.xpi	DEBUG	Updating database with changes to installed add-ons
1462964033389	addons.xpi-utils	DEBUG	Updating add-on states
1462964033390	addons.xpi-utils	DEBUG	Writing add-ons list
1462964033393	addons.xpi	DEBUG	Registering manifest for C:\Program Files (x86)\Mozilla Firefox\browser\features\e10srollout@mozilla.org.xpi
1462964033393	addons.xpi	DEBUG	Calling bootstrap method startup on e10srollout@mozilla.org version 1.0
1462964033393	addons.xpi	DEBUG	Registering manifest for C:\Program Files (x86)\Mozilla Firefox\browser\features\firefox@getpocket.com.xpi
1462964033394	addons.xpi	DEBUG	Calling bootstrap method startup on firefox@getpocket.com version 1.0
1462964033395	addons.xpi	DEBUG	Registering manifest for C:\Program Files (x86)\Mozilla Firefox\browser\features\loop@mozilla.org.xpi
1462964033396	addons.xpi	DEBUG	Calling bootstrap method startup on loop@mozilla.org version 1.2.6
1462964033470	addons.xpi	DEBUG	Registering manifest for C:\Program Files (x86)\Mozilla Firefox\browser\extensions\{82AF8DCA-6DE9-405D-BD5E-43525BDAD38A}.xpi
1462964033470	addons.xpi	DEBUG	Calling bootstrap method startup on {82AF8DCA-6DE9-405D-BD5E-43525BDAD38A} version 8.1.0.9134
1462964033474	addons.manager	DEBUG	Registering shutdown blocker for XPIProvider
1462964033474	addons.manager	DEBUG	Provider finished startup: XPIProvider
1462964033474	addons.manager	DEBUG	Starting provider: LightweightThemeManager
1462964033474	addons.manager	DEBUG	Registering shutdown blocker for LightweightThemeManager
1462964033474	addons.manager	DEBUG	Provider finished startup: LightweightThemeManager
1462964033475	addons.manager	DEBUG	Starting provider: GMPProvider
1462964033482	addons.manager	DEBUG	Registering shutdown blocker for GMPProvider
1462964033482	addons.manager	DEBUG	Provider finished startup: GMPProvider
1462964033482	addons.manager	DEBUG	Starting provider: PluginProvider
1462964033482	addons.manager	DEBUG	Registering shutdown blocker for PluginProvider
1462964033482	addons.manager	DEBUG	Provider finished startup: PluginProvider
1462964033483	addons.manager	DEBUG	Completed startup sequence
1462964034891	addons.manager	DEBUG	Starting provider: <unnamed-provider>
1462964034891	addons.manager	DEBUG	Registering shutdown blocker for <unnamed-provider>
1462964034892	addons.manager	DEBUG	Provider finished startup: <unnamed-provider>
JavaScript warning: resource://gre/modules/commonjs/toolkit/loader.js -> resource://gre/modules/commonjs/sdk/system/environment.js, line 15: Proxy.create and Proxy.createFunction are deprecated, use new Proxy instead
1462964035313	DeferredSave.extensions.json	DEBUG	Write succeeded
1462964035313	addons.xpi-utils	DEBUG	XPI Database saved, setting schema version preference to 17
1462964035314	DeferredSave.extensions.json	DEBUG	Starting timer
1462964035330	addons.repository	DEBUG	No addons.json found.
1462964035330	DeferredSave.addons.json	DEBUG	Save changes
1462964035333	DeferredSave.addons.json	DEBUG	Starting timer
1462964035373	addons.manager	DEBUG	Starting provider: PreviousExperimentProvider
1462964035374	addons.manager	DEBUG	Registering shutdown blocker for PreviousExperimentProvider
1462964035374	addons.manager	DEBUG	Provider finished startup: PreviousExperimentProvider
1462964035379	DeferredSave.extensions.json	DEBUG	Starting write
1462964035438	DeferredSave.addons.json	DEBUG	Starting write
1462964035453	DeferredSave.extensions.json	DEBUG	Write succeeded
1462964035473	DeferredSave.addons.json	DEBUG	Write succeeded

Command duration or timeout: 47.17 seconds
Build info: version: '2.53.0', revision: '35ae25b1534ae328c771e0856c93e187490ca824', time: '2016-03-15 10:43:46'
System info: host: 'snehap-w7', ip: '172.27.59.69', os.name: 'Windows 7', os.arch: 'amd64', os.version: '6.1', java.version: '1.7.0_71'
Driver info: org.openqa.selenium.remote.RemoteWebDriver
	at sun.reflect.NativeConstructorAccessorImpl.newInstance0(Native Method)
	at sun.reflect.NativeConstructorAccessorImpl.newInstance(Unknown Source)
	at sun.reflect.DelegatingConstructorAccessorImpl.newInstance(Unknown Source)
	at java.lang.reflect.Constructor.newInstance(Unknown Source)
	at org.openqa.selenium.remote.ErrorHandler.createThrowable(ErrorHandler.java:206)
	at org.openqa.selenium.remote.ErrorHandler.throwIfResponseFailed(ErrorHandler.java:158)
	at org.openqa.selenium.remote.RemoteWebDriver.execute(RemoteWebDriver.java:678)
	at org.openqa.selenium.remote.RemoteWebDriver.startSession(RemoteWebDriver.java:249)
	at org.openqa.selenium.remote.RemoteWebDriver.<init>(RemoteWebDriver.java:131)
	at org.openqa.selenium.remote.RemoteWebDriver.<init>(RemoteWebDriver.java:158)
	at com.test.MyTest.first(MyTest.java:31)
Caused by: org.openqa.selenium.remote.ErrorHandler$UnknownServerException: Unable to connect to host 127.0.0.1 on port 7055 after 45000 ms. Firefox console output:
":1462962559965,"updateDate":1462962559965,"applyBackgroundUpdates":1,"skinnable":true,"size":22006,"sourceURI":null,"releaseNotesURI":null,"softDisabled":false,"foreignInstall":false,"hasBinaryComponents":false,"strictCompatibility":true,"locales":[],"targetApplications":[{"id":"{ec8030f7-c20a-464f-9b0e-13a3a9e97384}","minVersion":"47.0","maxVersion":"47.0"}],"targetPlatforms":[],"seen":true}
1462964033388	addons.xpi	DEBUG	getModTime: Recursive scan of {972ce4c6-7e08-4474-a285-3208198ce6fd}
1462964033389	DeferredSave.extensions.json	DEBUG	Save changes
1462964033389	addons.xpi	DEBUG	Updating database with changes to installed add-ons
1462964033389	addons.xpi-utils	DEBUG	Updating add-on states
1462964033390	addons.xpi-utils	DEBUG	Writing add-ons list
1462964033393	addons.xpi	DEBUG	Registering manifest for C:\Program Files (x86)\Mozilla Firefox\browser\features\e10srollout@mozilla.org.xpi
1462964033393	addons.xpi	DEBUG	Calling bootstrap method startup on e10srollout@mozilla.org version 1.0
1462964033393	addons.xpi	DEBUG	Registering manifest for C:\Program Files (x86)\Mozilla Firefox\browser\features\firefox@getpocket.com.xpi
1462964033394	addons.xpi	DEBUG	Calling bootstrap method startup on firefox@getpocket.com version 1.0
1462964033395	addons.xpi	DEBUG	Registering manifest for C:\Program Files (x86)\Mozilla Firefox\browser\features\loop@mozilla.org.xpi
1462964033396	addons.xpi	DEBUG	Calling bootstrap method startup on loop@mozilla.org version 1.2.6
1462964033470	addons.xpi	DEBUG	Registering manifest for C:\Program Files (x86)\Mozilla Firefox\browser\extensions\{82AF8DCA-6DE9-405D-BD5E-43525BDAD38A}.xpi
1462964033470	addons.xpi	DEBUG	Calling bootstrap method startup on {82AF8DCA-6DE9-405D-BD5E-43525BDAD38A} version 8.1.0.9134
1462964033474	addons.manager	DEBUG	Registering shutdown blocker for XPIProvider
1462964033474	addons.manager	DEBUG	Provider finished startup: XPIProvider
1462964033474	addons.manager	DEBUG	Starting provider: LightweightThemeManager
1462964033474	addons.manager	DEBUG	Registering shutdown blocker for LightweightThemeManager
1462964033474	addons.manager	DEBUG	Provider finished startup: LightweightThemeManager
1462964033475	addons.manager	DEBUG	Starting provider: GMPProvider
1462964033482	addons.manager	DEBUG	Registering shutdown blocker for GMPProvider
1462964033482	addons.manager	DEBUG	Provider finished startup: GMPProvider
1462964033482	addons.manager	DEBUG	Starting provider: PluginProvider
1462964033482	addons.manager	DEBUG	Registering shutdown blocker for PluginProvider
1462964033482	addons.manager	DEBUG	Provider finished startup: PluginProvider
1462964033483	addons.manager	DEBUG	Completed startup sequence
1462964034891	addons.manager	DEBUG	Starting provider: <unnamed-provider>
1462964034891	addons.manager	DEBUG	Registering shutdown blocker for <unnamed-provider>
1462964034892	addons.manager	DEBUG	Provider finished startup: <unnamed-provider>
JavaScript warning: resource://gre/modules/commonjs/toolkit/loader.js -> resource://gre/modules/commonjs/sdk/system/environment.js, line 15: Proxy.create and Proxy.createFunction are deprecated, use new Proxy instead
1462964035313	DeferredSave.extensions.json	DEBUG	Write succeeded
1462964035313	addons.xpi-utils	DEBUG	XPI Database saved, setting schema version preference to 17
1462964035314	DeferredSave.extensions.json	DEBUG	Starting timer
1462964035330	addons.repository	DEBUG	No addons.json found.
1462964035330	DeferredSave.addons.json	DEBUG	Save changes
1462964035333	DeferredSave.addons.json	DEBUG	Starting timer
1462964035373	addons.manager	DEBUG	Starting provider: PreviousExperimentProvider
1462964035374	addons.manager	DEBUG	Registering shutdown blocker for PreviousExperimentProvider
1462964035374	addons.manager	DEBUG	Provider finished startup: PreviousExperimentProvider
1462964035379	DeferredSave.extensions.json	DEBUG	Starting write
1462964035438	DeferredSave.addons.json	DEBUG	Starting write
1462964035453	DeferredSave.extensions.json	DEBUG	Write succeeded
1462964035473	DeferredSave.addons.json	DEBUG	Write succeeded

Build info: version: '2.53.0', revision: '35ae25b1534ae328c771e0856c93e187490ca824', time: '2016-03-15 10:43:46'
System info: host: 'snehap-w7', ip: '172.27.59.69', os.name: 'Windows 7', os.arch: 'amd64', os.version: '6.1', java.version: '1.7.0_71'
Driver info: driver.version: FirefoxDriver
	at org.openqa.selenium.firefox.internal.NewProfileExtensionConnection.start(NewProfileExtensionConnection.java:112)
	at org.openqa.selenium.firefox.FirefoxDriver.startClient(FirefoxDriver.java:271)
	at org.openqa.selenium.remote.RemoteWebDriver.<init>(RemoteWebDriver.java:119)
	at org.openqa.selenium.firefox.FirefoxDriver.<init>(FirefoxDriver.java:218)
	at org.openqa.selenium.firefox.FirefoxDriver.<init>(FirefoxDriver.java:211)
	at org.openqa.selenium.firefox.FirefoxDriver.<init>(FirefoxDriver.java:129)
	at sun.reflect.NativeConstructorAccessorImpl.newInstance0(Native Method)
	at sun.reflect.NativeConstructorAccessorImpl.newInstance(Unknown Source)
	at sun.reflect.DelegatingConstructorAccessorImpl.newInstance(Unknown Source)
	at java.lang.reflect.Constructor.newInstance(Unknown Source)
	at org.openqa.selenium.remote.server.FirefoxDriverProvider.callConstructor(FirefoxDriverProvider.java:91)
	at org.openqa.selenium.remote.server.FirefoxDriverProvider.newInstance(FirefoxDriverProvider.java:68)
	at org.openqa.selenium.remote.server.DefaultDriverFactory.newInstance(DefaultDriverFactory.java:60)
	at org.openqa.selenium.remote.server.DefaultSession$BrowserCreator.call(DefaultSession.java:222)
	at org.openqa.selenium.remote.server.DefaultSession$BrowserCreator.call(DefaultSession.java:1)
	at java.util.concurrent.FutureTask.run(Unknown Source)
	at org.openqa.selenium.remote.server.DefaultSession$1.run(DefaultSession.java:176)
	at java.util.concurrent.ThreadPoolExecutor.runWorker(Unknown Source)
	at java.util.concurrent.ThreadPoolExecutor$Worker.run(Unknown Source)
	at java.lang.Thread.run(Unknown Source)
]]></error>
  </testcase>
</testsuite>