<?xml version="1.0" encoding="UTF-8"?>
<testng-results skipped="0" failed="0" total="1" passed="1">
  <reporter-output>
  </reporter-output>
  <suite name="Default suite" duration-ms="10148" started-at="2016-07-06T05:19:00Z" finished-at="2016-07-06T05:19:11Z">
    <groups>
    </groups>
    <test name="Default test" duration-ms="10148" started-at="2016-07-06T05:19:00Z" finished-at="2016-07-06T05:19:11Z">
      <class name="com.test.GoogleTest">
        <test-method status="PASS" signature="runtest()[pri:0, instance:com.test.GoogleTest@5d3c19e3]" name="runtest" duration-ms="10117" started-at="2016-07-06T10:49:00Z" finished-at="2016-07-06T10:49:11Z">
          <reporter-output>
          </reporter-output>
        </test-method> <!-- runtest -->
      </class> <!-- com.test.GoogleTest -->
    </test> <!-- Default test -->
  </suite> <!-- Default suite -->
</testng-results>
